Started GET "/" for 127.0.0.1 at 2018-09-06 10:52:38 -0500
Processing by Rails::WelcomeController#index as HTML
  Rendering /var/lib/gems/2.3.0/gems/railties-5.2.1/lib/rails/templates/rails/welcome/index.html.erb
  Rendered /var/lib/gems/2.3.0/gems/railties-5.2.1/lib/rails/templates/rails/welcome/index.html.erb (38.9ms)
Completed 200 OK in 255ms (Views: 177.2ms | ActiveRecord: 0.0ms)


Started GET "/" for 127.0.0.1 at 2018-09-06 22:46:07 -0500
Processing by HomeController#index as HTML
  Rendering home/index.html.erb within layouts/application
  Rendered home/index.html.erb within layouts/application (6.8ms)
Completed 200 OK in 5198ms (Views: 5089.7ms | ActiveRecord: 0.0ms)


Started GET "/jobapplications/new" for 127.0.0.1 at 2018-09-06 22:46:53 -0500
  
ActionController::RoutingError (uninitialized constant JobapplicationsController):
  
bootsnap (1.3.1) lib/bootsnap/load_path_cache/core_ext/active_support.rb:53:in `block in load_missing_constant'
bootsnap (1.3.1) lib/bootsnap/load_path_cache/core_ext/active_support.rb:8:in `without_bootsnap_cache'
bootsnap (1.3.1) lib/bootsnap/load_path_cache/core_ext/active_support.rb:53:in `rescue in load_missing_constant'
bootsnap (1.3.1) lib/bootsnap/load_path_cache/core_ext/active_support.rb:43:in `load_missing_constant'
activesupport (5.2.1) lib/active_support/inflector/methods.rb:283:in `const_get'
activesupport (5.2.1) lib/active_support/inflector/methods.rb:283:in `block in constantize'
activesupport (5.2.1) lib/active_support/inflector/methods.rb:281:in `each'
activesupport (5.2.1) lib/active_support/inflector/methods.rb:281:in `inject'
activesupport (5.2.1) lib/active_support/inflector/methods.rb:281:in `constantize'
actionpack (5.2.1) lib/action_dispatch/http/request.rb:88:in `controller_class_for'
actionpack (5.2.1) lib/action_dispatch/http/request.rb:81:in `controller_class'
actionpack (5.2.1) lib/action_dispatch/routing/route_set.rb:46:in `controller'
actionpack (5.2.1) lib/action_dispatch/routing/route_set.rb:32:in `serve'
actionpack (5.2.1) lib/action_dispatch/journey/router.rb:52:in `block in serve'
actionpack (5.2.1) lib/action_dispatch/journey/router.rb:35:in `each'
actionpack (5.2.1) lib/action_dispatch/journey/router.rb:35:in `serve'
actionpack (5.2.1) lib/action_dispatch/routing/route_set.rb:840:in `call'
rack (2.0.5) lib/rack/tempfile_reaper.rb:15:in `call'
rack (2.0.5) lib/rack/etag.rb:25:in `call'
rack (2.0.5) lib/rack/conditional_get.rb:25:in `call'
rack (2.0.5) lib/rack/head.rb:12:in `call'
actionpack (5.2.1) lib/action_dispatch/http/content_security_policy.rb:18:in `call'
rack (2.0.5) lib/rack/session/abstract/id.rb:232:in `context'
rack (2.0.5) lib/rack/session/abstract/id.rb:226:in `call'
actionpack (5.2.1) lib/action_dispatch/middleware/cookies.rb:670:in `call'
activerecord (5.2.1) lib/active_record/migration.rb:559:in `call'
actionpack (5.2.1) lib/action_dispatch/middleware/callbacks.rb:28:in `block in call'
activesupport (5.2.1) lib/active_support/callbacks.rb:98:in `run_callbacks'
actionpack (5.2.1) lib/action_dispatch/middleware/callbacks.rb:26:in `call'
actionpack (5.2.1) lib/action_dispatch/middleware/executor.rb:14:in `call'
actionpack (5.2.1) lib/action_dispatch/middleware/debug_exceptions.rb:61:in `call'
web-console (3.7.0) lib/web_console/middleware.rb:135:in `call_app'
web-console (3.7.0) lib/web_console/middleware.rb:30:in `block in call'
web-console (3.7.0) lib/web_console/middleware.rb:20:in `catch'
web-console (3.7.0) lib/web_console/middleware.rb:20:in `call'
actionpack (5.2.1) lib/action_dispatch/middleware/show_exceptions.rb:33:in `call'
railties (5.2.1) lib/rails/rack/logger.rb:38:in `call_app'
railties (5.2.1) lib/rails/rack/logger.rb:26:in `block in call'
activesupport (5.2.1) lib/active_support/tagged_logging.rb:71:in `block in tagged'
activesupport (5.2.1) lib/active_support/tagged_logging.rb:28:in `tagged'
activesupport (5.2.1) lib/active_support/tagged_logging.rb:71:in `tagged'
railties (5.2.1) lib/rails/rack/logger.rb:26:in `call'
sprockets-rails (3.2.1) lib/sprockets/rails/quiet_assets.rb:13:in `call'
actionpack (5.2.1) lib/action_dispatch/middleware/remote_ip.rb:81:in `call'
actionpack (5.2.1) lib/action_dispatch/middleware/request_id.rb:27:in `call'
rack (2.0.5) lib/rack/method_override.rb:22:in `call'
rack (2.0.5) lib/rack/runtime.rb:22:in `call'
activesupport (5.2.1) lib/active_support/cache/strategy/local_cache_middleware.rb:29:in `call'
actionpack (5.2.1) lib/action_dispatch/middleware/executor.rb:14:in `call'
actionpack (5.2.1) lib/action_dispatch/middleware/static.rb:127:in `call'
rack (2.0.5) lib/rack/sendfile.rb:111:in `call'
railties (5.2.1) lib/rails/engine.rb:524:in `call'
puma (3.12.0) lib/puma/configuration.rb:225:in `call'
puma (3.12.0) lib/puma/server.rb:658:in `handle_request'
puma (3.12.0) lib/puma/server.rb:472:in `process_client'
puma (3.12.0) lib/puma/server.rb:332:in `block in run'
puma (3.12.0) lib/puma/thread_pool.rb:133:in `block in spawn_thread'
Started GET "/" for 127.0.0.1 at 2018-09-11 22:32:43 -0500
Processing by HomeController#index as HTML
  Rendering home/index.html.erb within layouts/application
  Rendered home/index.html.erb within layouts/application (11.5ms)
Completed 200 OK in 7932ms (Views: 7789.0ms | ActiveRecord: 0.0ms)


Started GET "/jobapplications/new" for 127.0.0.1 at 2018-09-11 22:33:08 -0500
Processing by JobapplicationsController#new as HTML
  Rendering jobapplications/new.html.erb within layouts/application
  Rendered jobapplications/new.html.erb within layouts/application (2.6ms)
Completed 200 OK in 227ms (Views: 211.1ms | ActiveRecord: 0.0ms)


Started GET "/" for 127.0.0.1 at 2018-09-12 18:12:12 -0500
Processing by HomeController#index as HTML
  Rendering home/index.html.erb within layouts/application
  Rendered home/index.html.erb within layouts/application (733.5ms)
Completed 200 OK in 23869ms (Views: 22605.4ms | ActiveRecord: 0.0ms)


Started GET "/" for 127.0.0.1 at 2018-09-12 18:13:43 -0500
  
AbstractController::ActionNotFound (The action 'index' could not be found for JobapplicationsController):
  
actionpack (5.2.1) lib/abstract_controller/base.rb:129:in `process'
actionview (5.2.1) lib/action_view/rendering.rb:32:in `process'
actionpack (5.2.1) lib/action_controller/metal.rb:191:in `dispatch'
actionpack (5.2.1) lib/action_controller/metal.rb:252:in `dispatch'
actionpack (5.2.1) lib/action_dispatch/routing/route_set.rb:52:in `dispatch'
actionpack (5.2.1) lib/action_dispatch/routing/route_set.rb:34:in `serve'
actionpack (5.2.1) lib/action_dispatch/journey/router.rb:52:in `block in serve'
actionpack (5.2.1) lib/action_dispatch/journey/router.rb:35:in `each'
actionpack (5.2.1) lib/action_dispatch/journey/router.rb:35:in `serve'
actionpack (5.2.1) lib/action_dispatch/routing/route_set.rb:840:in `call'
rack (2.0.5) lib/rack/tempfile_reaper.rb:15:in `call'
rack (2.0.5) lib/rack/etag.rb:25:in `call'
rack (2.0.5) lib/rack/conditional_get.rb:25:in `call'
rack (2.0.5) lib/rack/head.rb:12:in `call'
actionpack (5.2.1) lib/action_dispatch/http/content_security_policy.rb:18:in `call'
rack (2.0.5) lib/rack/session/abstract/id.rb:232:in `context'
rack (2.0.5) lib/rack/session/abstract/id.rb:226:in `call'
actionpack (5.2.1) lib/action_dispatch/middleware/cookies.rb:670:in `call'
activerecord (5.2.1) lib/active_record/migration.rb:559:in `call'
actionpack (5.2.1) lib/action_dispatch/middleware/callbacks.rb:28:in `block in call'
activesupport (5.2.1) lib/active_support/callbacks.rb:98:in `run_callbacks'
actionpack (5.2.1) lib/action_dispatch/middleware/callbacks.rb:26:in `call'
actionpack (5.2.1) lib/action_dispatch/middleware/executor.rb:14:in `call'
actionpack (5.2.1) lib/action_dispatch/middleware/debug_exceptions.rb:61:in `call'
web-console (3.7.0) lib/web_console/middleware.rb:135:in `call_app'
web-console (3.7.0) lib/web_console/middleware.rb:30:in `block in call'
web-console (3.7.0) lib/web_console/middleware.rb:20:in `catch'
web-console (3.7.0) lib/web_console/middleware.rb:20:in `call'
actionpack (5.2.1) lib/action_dispatch/middleware/show_exceptions.rb:33:in `call'
railties (5.2.1) lib/rails/rack/logger.rb:38:in `call_app'
railties (5.2.1) lib/rails/rack/logger.rb:26:in `block in call'
activesupport (5.2.1) lib/active_support/tagged_logging.rb:71:in `block in tagged'
activesupport (5.2.1) lib/active_support/tagged_logging.rb:28:in `tagged'
activesupport (5.2.1) lib/active_support/tagged_logging.rb:71:in `tagged'
railties (5.2.1) lib/rails/rack/logger.rb:26:in `call'
sprockets-rails (3.2.1) lib/sprockets/rails/quiet_assets.rb:13:in `call'
actionpack (5.2.1) lib/action_dispatch/middleware/remote_ip.rb:81:in `call'
actionpack (5.2.1) lib/action_dispatch/middleware/request_id.rb:27:in `call'
rack (2.0.5) lib/rack/method_override.rb:22:in `call'
rack (2.0.5) lib/rack/runtime.rb:22:in `call'
activesupport (5.2.1) lib/active_support/cache/strategy/local_cache_middleware.rb:29:in `call'
actionpack (5.2.1) lib/action_dispatch/middleware/executor.rb:14:in `call'
actionpack (5.2.1) lib/action_dispatch/middleware/static.rb:127:in `call'
rack (2.0.5) lib/rack/sendfile.rb:111:in `call'
railties (5.2.1) lib/rails/engine.rb:524:in `call'
puma (3.12.0) lib/puma/configuration.rb:225:in `call'
puma (3.12.0) lib/puma/server.rb:658:in `handle_request'
puma (3.12.0) lib/puma/server.rb:472:in `process_client'
puma (3.12.0) lib/puma/server.rb:332:in `block in run'
puma (3.12.0) lib/puma/thread_pool.rb:133:in `block in spawn_thread'
Started GET "/" for 127.0.0.1 at 2018-09-12 18:14:37 -0500
Processing by JobapplicationsController#index as HTML
Completed 406 Not Acceptable in 359ms (ActiveRecord: 0.0ms)


  
ActionController::UnknownFormat (JobapplicationsController#index is missing a template for this request format and variant.

request.formats: ["text/html"]
request.variant: []

NOTE! For XHR/Ajax or API requests, this action would normally respond with 204 No Content: an empty white screen. Since you're loading it in a web browser, we assume that you expected to actually render a template, not nothing, so we're showing an error to be extra-clear. If you expect 204 No Content, carry on. That's what you'll get from an XHR or API request. Give it a shot.):
  
actionpack (5.2.1) lib/action_controller/metal/implicit_render.rb:55:in `default_render'
actionpack (5.2.1) lib/action_controller/metal/basic_implicit_render.rb:6:in `block in send_action'
actionpack (5.2.1) lib/action_controller/metal/basic_implicit_render.rb:6:in `tap'
actionpack (5.2.1) lib/action_controller/metal/basic_implicit_render.rb:6:in `send_action'
actionpack (5.2.1) lib/abstract_controller/base.rb:194:in `process_action'
actionpack (5.2.1) lib/action_controller/metal/rendering.rb:30:in `process_action'
actionpack (5.2.1) lib/abstract_controller/callbacks.rb:42:in `block in process_action'
activesupport (5.2.1) lib/active_support/callbacks.rb:132:in `run_callbacks'
actionpack (5.2.1) lib/abstract_controller/callbacks.rb:41:in `process_action'
actionpack (5.2.1) lib/action_controller/metal/rescue.rb:22:in `process_action'
actionpack (5.2.1) lib/action_controller/metal/instrumentation.rb:34:in `block in process_action'
activesupport (5.2.1) lib/active_support/notifications.rb:168:in `block in instrument'
activesupport (5.2.1) lib/active_support/notifications/instrumenter.rb:23:in `instrument'
activesupport (5.2.1) lib/active_support/notifications.rb:168:in `instrument'
actionpack (5.2.1) lib/action_controller/metal/instrumentation.rb:32:in `process_action'
actionpack (5.2.1) lib/action_controller/metal/params_wrapper.rb:256:in `process_action'
activerecord (5.2.1) lib/active_record/railties/controller_runtime.rb:24:in `process_action'
actionpack (5.2.1) lib/abstract_controller/base.rb:134:in `process'
actionview (5.2.1) lib/action_view/rendering.rb:32:in `process'
actionpack (5.2.1) lib/action_controller/metal.rb:191:in `dispatch'
actionpack (5.2.1) lib/action_controller/metal.rb:252:in `dispatch'
actionpack (5.2.1) lib/action_dispatch/routing/route_set.rb:52:in `dispatch'
actionpack (5.2.1) lib/action_dispatch/routing/route_set.rb:34:in `serve'
actionpack (5.2.1) lib/action_dispatch/journey/router.rb:52:in `block in serve'
actionpack (5.2.1) lib/action_dispatch/journey/router.rb:35:in `each'
actionpack (5.2.1) lib/action_dispatch/journey/router.rb:35:in `serve'
actionpack (5.2.1) lib/action_dispatch/routing/route_set.rb:840:in `call'
rack (2.0.5) lib/rack/tempfile_reaper.rb:15:in `call'
rack (2.0.5) lib/rack/etag.rb:25:in `call'
rack (2.0.5) lib/rack/conditional_get.rb:25:in `call'
rack (2.0.5) lib/rack/head.rb:12:in `call'
actionpack (5.2.1) lib/action_dispatch/http/content_security_policy.rb:18:in `call'
rack (2.0.5) lib/rack/session/abstract/id.rb:232:in `context'
rack (2.0.5) lib/rack/session/abstract/id.rb:226:in `call'
actionpack (5.2.1) lib/action_dispatch/middleware/cookies.rb:670:in `call'
activerecord (5.2.1) lib/active_record/migration.rb:559:in `call'
actionpack (5.2.1) lib/action_dispatch/middleware/callbacks.rb:28:in `block in call'
activesupport (5.2.1) lib/active_support/callbacks.rb:98:in `run_callbacks'
actionpack (5.2.1) lib/action_dispatch/middleware/callbacks.rb:26:in `call'
actionpack (5.2.1) lib/action_dispatch/middleware/executor.rb:14:in `call'
actionpack (5.2.1) lib/action_dispatch/middleware/debug_exceptions.rb:61:in `call'
web-console (3.7.0) lib/web_console/middleware.rb:135:in `call_app'
web-console (3.7.0) lib/web_console/middleware.rb:30:in `block in call'
web-console (3.7.0) lib/web_console/middleware.rb:20:in `catch'
web-console (3.7.0) lib/web_console/middleware.rb:20:in `call'
actionpack (5.2.1) lib/action_dispatch/middleware/show_exceptions.rb:33:in `call'
railties (5.2.1) lib/rails/rack/logger.rb:38:in `call_app'
railties (5.2.1) lib/rails/rack/logger.rb:26:in `block in call'
activesupport (5.2.1) lib/active_support/tagged_logging.rb:71:in `block in tagged'
activesupport (5.2.1) lib/active_support/tagged_logging.rb:28:in `tagged'
activesupport (5.2.1) lib/active_support/tagged_logging.rb:71:in `tagged'
railties (5.2.1) lib/rails/rack/logger.rb:26:in `call'
sprockets-rails (3.2.1) lib/sprockets/rails/quiet_assets.rb:13:in `call'
actionpack (5.2.1) lib/action_dispatch/middleware/remote_ip.rb:81:in `call'
actionpack (5.2.1) lib/action_dispatch/middleware/request_id.rb:27:in `call'
rack (2.0.5) lib/rack/method_override.rb:22:in `call'
rack (2.0.5) lib/rack/runtime.rb:22:in `call'
activesupport (5.2.1) lib/active_support/cache/strategy/local_cache_middleware.rb:29:in `call'
actionpack (5.2.1) lib/action_dispatch/middleware/executor.rb:14:in `call'
actionpack (5.2.1) lib/action_dispatch/middleware/static.rb:127:in `call'
rack (2.0.5) lib/rack/sendfile.rb:111:in `call'
railties (5.2.1) lib/rails/engine.rb:524:in `call'
puma (3.12.0) lib/puma/configuration.rb:225:in `call'
puma (3.12.0) lib/puma/server.rb:658:in `handle_request'
puma (3.12.0) lib/puma/server.rb:472:in `process_client'
puma (3.12.0) lib/puma/server.rb:332:in `block in run'
puma (3.12.0) lib/puma/thread_pool.rb:133:in `block in spawn_thread'
Started GET "/" for 127.0.0.1 at 2018-09-12 18:15:35 -0500
Processing by JobapplicationsController#index as HTML
  Rendering jobapplications/index.html.erb within layouts/application
  Rendered jobapplications/index.html.erb within layouts/application (2.7ms)
Completed 200 OK in 1467ms (Views: 1337.3ms | ActiveRecord: 0.0ms)


Started GET "/" for 127.0.0.1 at 2018-09-12 18:21:36 -0500
Processing by JobapplicationsController#index as HTML
  Rendering jobapplications/index.html.erb within layouts/application
  Rendered jobapplications/index.html.erb within layouts/application (24.1ms)
Completed 200 OK in 842ms (Views: 806.8ms | ActiveRecord: 0.0ms)


Started GET "/jobapplications/new" for 127.0.0.1 at 2018-09-12 18:21:40 -0500
Processing by JobapplicationsController#new as HTML
  Rendering jobapplications/new.html.erb within layouts/application
  Rendered jobapplications/new.html.erb within layouts/application (8.3ms)
Completed 500 Internal Server Error in 82ms (ActiveRecord: 0.0ms)


  
SyntaxError (/home/x86coder/Desktop/jobapplications/app/views/jobapplications/new.html.erb:3: syntax error, unexpected ':', expecting keyword_end
...uffer.append=  form_with_scope: :jobapplications, local: tru...
...                               ^
/home/x86coder/Desktop/jobapplications/app/views/jobapplications/new.html.erb:20: syntax error, unexpected keyword_ensure, expecting end-of-input):
  
app/views/jobapplications/new.html.erb:3: syntax error, unexpected ':', expecting keyword_end
app/views/jobapplications/new.html.erb:20: syntax error, unexpected keyword_ensure, expecting end-of-input
Started GET "/jobapplications/new" for 127.0.0.1 at 2018-09-12 18:23:15 -0500
Processing by JobapplicationsController#new as HTML
  Rendering jobapplications/new.html.erb within layouts/application
  Rendered jobapplications/new.html.erb within layouts/application (732.2ms)
Completed 200 OK in 974ms (Views: 956.7ms | ActiveRecord: 0.0ms)


Started POST "/jobapplications/new" for 127.0.0.1 at 2018-09-12 18:37:32 -0500
  
LoadError (cannot load such file -- /home/x86coder/Desktop/jobapplications/config/routes.rb):
  
bootsnap (1.3.1) lib/bootsnap/load_path_cache/core_ext/kernel_require.rb:50:in `load'
bootsnap (1.3.1) lib/bootsnap/load_path_cache/core_ext/kernel_require.rb:50:in `load'
activesupport (5.2.1) lib/active_support/dependencies.rb:281:in `block in load'
activesupport (5.2.1) lib/active_support/dependencies.rb:253:in `load_dependency'
activesupport (5.2.1) lib/active_support/dependencies.rb:281:in `load'
railties (5.2.1) lib/rails/application/routes_reloader.rb:41:in `block in load_paths'
railties (5.2.1) lib/rails/application/routes_reloader.rb:41:in `each'
railties (5.2.1) lib/rails/application/routes_reloader.rb:41:in `load_paths'
railties (5.2.1) lib/rails/application/routes_reloader.rb:20:in `reload!'
railties (5.2.1) lib/rails/application/routes_reloader.rb:30:in `block in updater'
activesupport (5.2.1) lib/active_support/file_update_checker.rb:83:in `execute'
railties (5.2.1) lib/rails/application/routes_reloader.rb:10:in `execute'
railties (5.2.1) lib/rails/application/finisher.rb:143:in `block (2 levels) in <module:Finisher>'
activesupport (5.2.1) lib/active_support/callbacks.rb:426:in `instance_exec'
activesupport (5.2.1) lib/active_support/callbacks.rb:426:in `block in make_lambda'
activesupport (5.2.1) lib/active_support/callbacks.rb:198:in `block (2 levels) in halting'
activesupport (5.2.1) lib/active_support/callbacks.rb:606:in `block (2 levels) in default_terminator'
activesupport (5.2.1) lib/active_support/callbacks.rb:605:in `catch'
activesupport (5.2.1) lib/active_support/callbacks.rb:605:in `block in default_terminator'
activesupport (5.2.1) lib/active_support/callbacks.rb:199:in `block in halting'
activesupport (5.2.1) lib/active_support/callbacks.rb:513:in `block in invoke_before'
activesupport (5.2.1) lib/active_support/callbacks.rb:513:in `each'
activesupport (5.2.1) lib/active_support/callbacks.rb:513:in `invoke_before'
activesupport (5.2.1) lib/active_support/callbacks.rb:131:in `run_callbacks'
activesupport (5.2.1) lib/active_support/execution_wrapper.rb:110:in `run!'
activesupport (5.2.1) lib/active_support/reloader.rb:115:in `run!'
activesupport (5.2.1) lib/active_support/execution_wrapper.rb:72:in `block in run!'
activesupport (5.2.1) lib/active_support/execution_wrapper.rb:69:in `tap'
activesupport (5.2.1) lib/active_support/execution_wrapper.rb:69:in `run!'
activesupport (5.2.1) lib/active_support/reloader.rb:64:in `run!'
actionpack (5.2.1) lib/action_dispatch/middleware/executor.rb:12:in `call'
actionpack (5.2.1) lib/action_dispatch/middleware/debug_exceptions.rb:61:in `call'
web-console (3.7.0) lib/web_console/middleware.rb:135:in `call_app'
web-console (3.7.0) lib/web_console/middleware.rb:30:in `block in call'
web-console (3.7.0) lib/web_console/middleware.rb:20:in `catch'
web-console (3.7.0) lib/web_console/middleware.rb:20:in `call'
actionpack (5.2.1) lib/action_dispatch/middleware/show_exceptions.rb:33:in `call'
railties (5.2.1) lib/rails/rack/logger.rb:38:in `call_app'
railties (5.2.1) lib/rails/rack/logger.rb:26:in `block in call'
activesupport (5.2.1) lib/active_support/tagged_logging.rb:71:in `block in tagged'
activesupport (5.2.1) lib/active_support/tagged_logging.rb:28:in `tagged'
activesupport (5.2.1) lib/active_support/tagged_logging.rb:71:in `tagged'
railties (5.2.1) lib/rails/rack/logger.rb:26:in `call'
sprockets-rails (3.2.1) lib/sprockets/rails/quiet_assets.rb:13:in `call'
actionpack (5.2.1) lib/action_dispatch/middleware/remote_ip.rb:81:in `call'
actionpack (5.2.1) lib/action_dispatch/middleware/request_id.rb:27:in `call'
rack (2.0.5) lib/rack/method_override.rb:22:in `call'
rack (2.0.5) lib/rack/runtime.rb:22:in `call'
activesupport (5.2.1) lib/active_support/cache/strategy/local_cache_middleware.rb:29:in `call'
actionpack (5.2.1) lib/action_dispatch/middleware/executor.rb:14:in `call'
actionpack (5.2.1) lib/action_dispatch/middleware/static.rb:127:in `call'
rack (2.0.5) lib/rack/sendfile.rb:111:in `call'
railties (5.2.1) lib/rails/engine.rb:524:in `call'
puma (3.12.0) lib/puma/configuration.rb:225:in `call'
puma (3.12.0) lib/puma/server.rb:658:in `handle_request'
puma (3.12.0) lib/puma/server.rb:472:in `process_client'
puma (3.12.0) lib/puma/server.rb:332:in `block in run'
puma (3.12.0) lib/puma/thread_pool.rb:133:in `block in spawn_thread'
